[ 2016-03-07T15:44:37+08:00 ] 127.0.0.1 /admin.php/Index/Index
INFO: [ app_init ] --START--
INFO: Run Behavior\BuildLiteBehavior [ RunTime:0.000000s ]
INFO: [ app_init ] --END-- [ RunTime:0.001000s ]
INFO: [ app_begin ] --START--
INFO: Run Behavior\ReadHtmlCacheBehavior [ RunTime:0.002000s ]
INFO: [ app_begin ] --END-- [ RunTime:0.002000s ]

[ 2016-03-07T15:44:37+08:00 ] 127.0.0.1 /admin.php/User/Login.html
INFO: [ app_init ] --START--
INFO: Run Behavior\BuildLiteBehavior [ RunTime:0.000000s ]
INFO: [ app_init ] --END-- [ RunTime:0.002000s ]
INFO: [ app_begin ] --START--
INFO: Run Behavior\ReadHtmlCacheBehavior [ RunTime:0.002000s ]
INFO: [ app_begin ] --END-- [ RunTime:0.002000s ]
INFO: [ view_parse ] --START--
INFO: [ template_filter ] --START--
INFO: Run Behavior\ContentReplaceBehavior [ RunTime:0.001000s ]
INFO: [ template_filter ] --END-- [ RunTime:0.001000s ]
INFO: Run Behavior\ParseTemplateBehavior [ RunTime:0.045003s ]
INFO: [ view_parse ] --END-- [ RunTime:0.046003s ]
INFO: [ view_filter ] --START--
INFO: Run Behavior\WriteHtmlCacheBehavior [ RunTime:0.001000s ]
INFO: [ view_filter ] --END-- [ RunTime:0.001000s ]
INFO: [ app_end ] --START--
INFO: Run Behavior\ShowPageTraceBehavior [ RunTime:0.002000s ]
INFO: [ app_end ] --END-- [ RunTime:0.002000s ]

[ 2016-03-07T15:44:39+08:00 ] 127.0.0.1 /admin.php/User/DoLogin.html
INFO: [ app_init ] --START--
INFO: Run Behavior\BuildLiteBehavior [ RunTime:0.000000s ]
INFO: [ app_init ] --END-- [ RunTime:0.002000s ]
INFO: [ app_begin ] --START--
INFO: Run Behavior\ReadHtmlCacheBehavior [ RunTime:0.001000s ]
INFO: [ app_begin ] --END-- [ RunTime:0.002000s ]
SQL: SHOW COLUMNS FROM `c_user` [ RunTime:0.0060s ]
SQL: SELECT * FROM `c_user` WHERE `username` = 'admin' AND `status` = 1  [ RunTime:0.0010s ]
SQL: SELECT * FROM `c_user` WHERE `type` = 3 AND `status` = 1  [ RunTime:0.0000s ]

[ 2016-03-07T15:44:39+08:00 ] 127.0.0.1 /admin.php/Index/Index.html
INFO: [ app_init ] --START--
INFO: Run Behavior\BuildLiteBehavior [ RunTime:0.000000s ]
INFO: [ app_init ] --END-- [ RunTime:0.001001s ]
INFO: [ app_begin ] --START--
INFO: Run Behavior\ReadHtmlCacheBehavior [ RunTime:0.001000s ]
INFO: [ app_begin ] --END-- [ RunTime:0.002000s ]
SQL: SHOW COLUMNS FROM `c_log` [ RunTime:0.1150s ]
SQL: INSERT INTO `c_log` (`event_name`,`c`,`m`,`created`,`uid`) VALUES ('IndexController->Index()','Index','Index','1457336679','1') [ RunTime:0.0030s ]
SQL: SHOW COLUMNS FROM `c_config` [ RunTime:0.0100s ]
SQL: SELECT * FROM `c_config` WHERE ( id=1 )  [ RunTime:0.0010s ]
INFO: [ view_parse ] --START--
INFO: [ template_filter ] --START--
INFO: Run Behavior\ContentReplaceBehavior [ RunTime:0.001000s ]
INFO: [ template_filter ] --END-- [ RunTime:0.002000s ]
INFO: Run Behavior\ParseTemplateBehavior [ RunTime:0.121007s ]
INFO: [ view_parse ] --END-- [ RunTime:0.123007s ]
INFO: [ view_filter ] --START--
INFO: Run Behavior\WriteHtmlCacheBehavior [ RunTime:0.001000s ]
INFO: [ view_filter ] --END-- [ RunTime:0.002000s ]
INFO: [ app_end ] --START--
INFO: Run Behavior\ShowPageTraceBehavior [ RunTime:0.002000s ]
INFO: [ app_end ] --END-- [ RunTime:0.002000s ]

[ 2016-03-07T15:44:41+08:00 ] 127.0.0.1 /admin.php/Json/Index.html
INFO: [ app_init ] --START--
INFO: Run Behavior\BuildLiteBehavior [ RunTime:0.000000s ]
INFO: [ app_init ] --END-- [ RunTime:0.001000s ]
INFO: [ app_begin ] --START--
INFO: Run Behavior\ReadHtmlCacheBehavior [ RunTime:0.002000s ]
INFO: [ app_begin ] --END-- [ RunTime:0.002000s ]
SQL: SHOW COLUMNS FROM `c_log` [ RunTime:0.0060s ]
SQL: INSERT INTO `c_log` (`event_name`,`c`,`m`,`created`,`uid`) VALUES ('JsonController->Index()','Json','Index','1457336680','1') [ RunTime:0.0030s ]
SQL: SHOW COLUMNS FROM `c_config` [ RunTime:0.0060s ]
SQL: SELECT * FROM `c_config` WHERE ( id=1 )  [ RunTime:0.0010s ]
ERR: 非法操作:Index

[ 2016-03-07T15:44:59+08:00 ] 127.0.0.1 /admin.php/College/Collection/
INFO: [ app_init ] --START--
INFO: Run Behavior\BuildLiteBehavior [ RunTime:0.000000s ]
INFO: [ app_init ] --END-- [ RunTime:0.003000s ]
INFO: [ app_begin ] --START--
INFO: Run Behavior\ReadHtmlCacheBehavior [ RunTime:0.002000s ]
INFO: [ app_begin ] --END-- [ RunTime:0.004000s ]
SQL: SHOW COLUMNS FROM `c_log` [ RunTime:0.0050s ]
SQL: INSERT INTO `c_log` (`event_name`,`c`,`m`,`created`,`uid`) VALUES ('CollegeController->Collection()','College','Collection','1457336696','1') [ RunTime:2.3641s ]
SQL: SHOW COLUMNS FROM `c_config` [ RunTime:0.0070s ]
SQL: SELECT * FROM `c_config` WHERE ( id=1 )  [ RunTime:0.0010s ]
SQL: SHOW COLUMNS FROM `c_college` [ RunTime:0.1870s ]
SQL: SELECT COUNT(*) AS tp_count FROM `c_college` WHERE `status` = 1 LIMIT 1   [ RunTime:0.0010s ]
SQL: SELECT * FROM `c_college` WHERE `status` = 1 ORDER BY created LIMIT 0,10   [ RunTime:0.0010s ]
INFO: [ view_parse ] --START--
INFO: [ template_filter ] --START--
INFO: Run Behavior\ContentReplaceBehavior [ RunTime:0.000000s ]
INFO: [ template_filter ] --END-- [ RunTime:0.000000s ]
INFO: Run Behavior\ParseTemplateBehavior [ RunTime:0.842048s ]
INFO: [ view_parse ] --END-- [ RunTime:0.842048s ]
INFO: [ view_filter ] --START--
INFO: Run Behavior\WriteHtmlCacheBehavior [ RunTime:0.002000s ]
INFO: [ view_filter ] --END-- [ RunTime:0.002000s ]
INFO: [ app_end ] --START--
INFO: Run Behavior\ShowPageTraceBehavior [ RunTime:0.002000s ]
INFO: [ app_end ] --END-- [ RunTime:0.003000s ]

[ 2016-03-07T15:45:11+08:00 ] 127.0.0.1 /admin.php/Teacher/Collection/
INFO: [ app_init ] --START--
INFO: Run Behavior\BuildLiteBehavior [ RunTime:0.000000s ]
INFO: [ app_init ] --END-- [ RunTime:0.001000s ]
INFO: [ app_begin ] --START--
INFO: Run Behavior\ReadHtmlCacheBehavior [ RunTime:0.002000s ]
INFO: [ app_begin ] --END-- [ RunTime:0.002000s ]
SQL: SHOW COLUMNS FROM `c_log` [ RunTime:0.0050s ]
SQL: INSERT INTO `c_log` (`event_name`,`c`,`m`,`created`,`uid`) VALUES ('TeacherController->Collection()','Teacher','Collection','1457336711','1') [ RunTime:0.0020s ]
SQL: SHOW COLUMNS FROM `c_config` [ RunTime:0.0050s ]
SQL: SELECT * FROM `c_config` WHERE ( id=1 )  [ RunTime:0.0010s ]
SQL: SHOW COLUMNS FROM `c_user` [ RunTime:0.0050s ]
SQL: SELECT COUNT(*) AS tp_count FROM `c_user` WHERE `status` = 1 AND `type` = 2 LIMIT 1   [ RunTime:0.0010s ]
SQL: SELECT * FROM `c_user` WHERE `status` = 1 AND `type` = 2 ORDER BY created LIMIT 0,10   [ RunTime:0.0010s ]
SQL: SHOW COLUMNS FROM `c_college` [ RunTime:0.0050s ]
SQL: SELECT * FROM `c_college` WHERE `id` = 1  [ RunTime:0.0010s ]
SQL: SELECT * FROM `c_college` WHERE `id` = 1  [ RunTime:0.0010s ]
SQL: SELECT * FROM `c_college` WHERE `id` = 1  [ RunTime:0.0010s ]
INFO: [ view_parse ] --START--
INFO: [ template_filter ] --START--
INFO: Run Behavior\ContentReplaceBehavior [ RunTime:0.001000s ]
INFO: [ template_filter ] --END-- [ RunTime:0.001000s ]
INFO: Run Behavior\ParseTemplateBehavior [ RunTime:0.145008s ]
INFO: [ view_parse ] --END-- [ RunTime:0.145008s ]
INFO: [ view_filter ] --START--
INFO: Run Behavior\WriteHtmlCacheBehavior [ RunTime:0.001000s ]
INFO: [ view_filter ] --END-- [ RunTime:0.002000s ]
INFO: [ app_end ] --START--
INFO: Run Behavior\ShowPageTraceBehavior [ RunTime:0.003000s ]
INFO: [ app_end ] --END-- [ RunTime:0.003000s ]

