#
# A fatal error has been detected by the Java Runtime Environment:
#
#  SIGSEGV (0xb) at pc=0x00007fff6bf2da1d, pid=29189, tid=49679
#
# JRE version: Java(TM) SE Runtime Environment (7.0_80-b15) (build 1.7.0_80-b15)
# Java VM: Java HotSpot(TM) 64-Bit Server VM (24.80-b11 mixed mode bsd-amd64 compressed oops)
# Problematic frame:
# C  [libobjc.A.dylib+0x7a1d]  objc_msgSend+0x1d
#
# Failed to write core dump. Core dumps have been disabled. To enable core dumping, try "ulimit -c unlimited" before starting Java again
#
# If you would like to submit a bug report, please visit:
#   http://bugreport.java.com/bugreport/crash.jsp
# The crash happened outside the Java Virtual Machine in native code.
# See problematic frame for where to report the bug.
#

---------------  T H R E A D  ---------------

Current thread (0x00007fcdb1966000):  JavaThread "Java2D Queue Flusher" daemon [_thread_in_native, id=49679, stack(0x000070000dd70000,0x000070000de70000)]

siginfo:si_signo=SIGSEGV: si_errno=0, si_code=1 (SEGV_MAPERR), si_addr=0x0000000000000018

Registers:
RAX=0x00007fcdb20bb000, RBX=0x00007fcdb19661e8, RCX=0x00007fcdb20bb088, RDX=0x0000000112ba17c0
RSP=0x000070000de6f7b8, RBP=0x000070000de6f7e0, RSI=0x00007fff3e0b6976, RDI=0x00007fcdb0790090
R8 =0x0000000000742320, R9 =0xffffffff00000000, R10=0x0000000000000000, R11=0x00007fff3e0b6976
R12=0x00007fcdb20bb080, R13=0x000000077b315c38, R14=0x00007fcdb0497d00, R15=0x00007fcdb04b7a70
RIP=0x00007fff6bf2da1d, EFLAGS=0x0000000000010246, ERR=0x0000000000000004
  TRAPNO=0x000000000000000e

Top of Stack: (sp=0x000070000de6f7b8)
0x000070000de6f7b8:   0000000112bab90b 00007fcdb0497d40
0x000070000de6f7c8:   0000000000000000 00007fcdb08e0c10
0x000070000de6f7d8:   00007fcdb1966000 000070000de6f860
0x000070000de6f7e8:   0000000112ba129e 0000000000000000
0x000070000de6f7f8:   00000001074f6130 0000000000000064
0x000070000de6f808:   00007fcdb1966000 0000000000000bad
0x000070000de6f818:   0000000000000bad 00007fcdb1966000
0x000070000de6f828:   00007fcdb08e0c20 00007fcd0069f300
0x000070000de6f838:   00007fcdb19661e8 000000077b315c38
0x000070000de6f848:   0000000000000000 000070000de6f908
0x000070000de6f858:   00007fcdb1966000 000070000de6f8d0
0x000070000de6f868:   0000000107e77758 000070000de6f8b0
0x000070000de6f878:   000000077af0f510 000070000de6f8a0
0x000070000de6f888:   0000000000000064 000070000de6f890
0x000070000de6f898:   0000000000000000 000070000de6f908
0x000070000de6f8a8:   000000077b317420 0000000000000000
0x000070000de6f8b8:   000000077b315c38 0000000000000000
0x000070000de6f8c8:   000070000de6f8f0 000070000de6f950
0x000070000de6f8d8:   0000000107e6b058 0000000000000000
0x000070000de6f8e8:   0000000107e73cd8 0000000000000020
0x000070000de6f8f8:   00007fcdb08e0c00 00000007d76300d8
0x000070000de6f908:   00000007d76300c0 000070000de6f910
0x000070000de6f918:   000000077b315d1d 000070000de6f968
0x000070000de6f928:   000000077b317420 0000000000000000
0x000070000de6f938:   000000077b315d40 000070000de6f8f0
0x000070000de6f948:   000070000de6f968 000070000de6f9b0
0x000070000de6f958:   0000000107e6b058 0000000000000020
0x000070000de6f968:   00000007d76300c0 000070000de6f970
0x000070000de6f978:   000000077b315ed1 000070000de6f9c0
0x000070000de6f988:   000000077b317420 0000000000000000
0x000070000de6f998:   000000077b315ee0 000070000de6f968
0x000070000de6f9a8:   000070000de6f9c0 000070000de6fa18 

Instructions: (pc=0x00007fff6bf2da1d)
0x00007fff6bf2d9fd:   0f 1f 00 48 85 ff 2e 74 62 40 f6 c7 01 2e 75 66
0x00007fff6bf2da0d:   49 ba f8 ff ff ff ff 7f 00 00 4c 23 17 49 89 f3
0x00007fff6bf2da1d:   45 23 5a 18 49 c1 e3 04 4d 03 5a 10 49 3b 33 75
0x00007fff6bf2da2d:   04 41 ff 63 08 49 83 3b 01 76 0d 49 83 c3 10 49 

Register to memory mapping:

RAX=0x00007fcdb20bb000 is an unknown value
RBX=0x00007fcdb19661e8 is an unknown value
RCX=0x00007fcdb20bb088 is an unknown value
RDX=0x0000000112ba17c0: Java_sun_java2d_opengl_OGLRenderQueue_flushBuffer+0xb5c in /Library/Java/JavaVirtualMachines/jdk1.7.0_80.jdk/Contents/Home/jre/lib/lwawt/liblwawt.dylib at 0x0000000112b99000
RSP=0x000070000de6f7b8 is pointing into the stack for thread: 0x00007fcdb1966000
RBP=0x000070000de6f7e0 is pointing into the stack for thread: 0x00007fcdb1966000
RSI=0x00007fff3e0b6976: GCC_except_table7+0x14b2 in /System/Library/Frameworks/AppKit.framework/Versions/C/AppKit at 0x00007fff3d4b1000
RDI=0x00007fcdb0790090 is an unknown value
R8 =0x0000000000742320 is an unknown value
R9 =0xffffffff00000000 is an unknown value
R10=0x0000000000000000 is an unknown value
R11=0x00007fff3e0b6976: GCC_except_table7+0x14b2 in /System/Library/Frameworks/AppKit.framework/Versions/C/AppKit at 0x00007fff3d4b1000
R12=0x00007fcdb20bb080 is an unknown value
R13=0x000000077b315c38 is an oop
{method} 
 - klass: {other class}
R14=0x00007fcdb0497d00 is an unknown value
R15=0x00007fcdb04b7a70 is an unknown value


Stack: [0x000070000dd70000,0x000070000de70000],  sp=0x000070000de6f7b8,  free space=1021k
Native frames: (J=compiled Java code, j=interpreted, Vv=VM code, C=native code)
C  [libobjc.A.dylib+0x7a1d]  objc_msgSend+0x1d
C  [liblwawt.dylib+0x829e]  Java_sun_java2d_opengl_OGLRenderQueue_flushBuffer+0x63a
j  sun.java2d.opengl.OGLRenderQueue.flushBuffer(JI)V+0
j  sun.java2d.opengl.OGLRenderQueue.flushBuffer()V+21
j  sun.java2d.opengl.OGLRenderQueue.access$100(Lsun/java2d/opengl/OGLRenderQueue;)V+1
j  sun.java2d.opengl.OGLRenderQueue$QueueFlusher.run()V+81
v  ~StubRoutines::call_stub
V  [libjvm.dylib+0x2dc898]  JavaCalls::call_helper(JavaValue*, methodHandle*, JavaCallArguments*, Thread*)+0x22a
V  [libjvm.dylib+0x2dcdaf]  JavaCalls::call_virtual(JavaValue*, KlassHandle, Symbol*, Symbol*, JavaCallArguments*, Thread*)+0x11b
V  [libjvm.dylib+0x2dceec]  JavaCalls::call_virtual(JavaValue*, Handle, KlassHandle, Symbol*, Symbol*, Thread*)+0x4a
V  [libjvm.dylib+0x32bf3a]  thread_entry(JavaThread*, Thread*)+0xad
V  [libjvm.dylib+0x4f8341]  JavaThread::thread_main_inner()+0x9b
V  [libjvm.dylib+0x4f9a49]  JavaThread::run()+0x1a3
V  [libjvm.dylib+0x422b92]  java_start(Thread*)+0x126
C  [libsystem_pthread.dylib+0x333d]  _pthread_body+0x7e
C  [libsystem_pthread.dylib+0x62a7]  _pthread_start+0x46
C  [libsystem_pthread.dylib+0x2425]  thread_start+0xd

Java frames: (J=compiled Java code, j=interpreted, Vv=VM code)
j  sun.java2d.opengl.OGLRenderQueue.flushBuffer(JI)V+0
j  sun.java2d.opengl.OGLRenderQueue.flushBuffer()V+21
j  sun.java2d.opengl.OGLRenderQueue.access$100(Lsun/java2d/opengl/OGLRenderQueue;)V+1
j  sun.java2d.opengl.OGLRenderQueue$QueueFlusher.run()V+81
v  ~StubRoutines::call_stub

---------------  P R O C E S S  ---------------

Java Threads: ( => current thread )
  0x00007fcdb1c27000 JavaThread "TimerQueue" daemon [_thread_blocked, id=54795, stack(0x000070000e1ff000,0x000070000e2ff000)]
  0x00007fcdb0966000 JavaThread "DestroyJavaVM" [_thread_blocked, id=9987, stack(0x000070000cd3a000,0x000070000ce3a000)]
  0x00007fcdb19b7800 JavaThread "AWT-EventQueue-0" [_thread_blocked, id=76639, stack(0x000070000df76000,0x000070000e076000)]
  0x00007fcdb1020800 JavaThread "Java2D Disposer" daemon [_thread_blocked, id=79139, stack(0x000070000de73000,0x000070000df73000)]
=>0x00007fcdb1966000 JavaThread "Java2D Queue Flusher" daemon [_thread_in_native, id=49679, stack(0x000070000dd70000,0x000070000de70000)]
  0x00007fcdb084d000 JavaThread "AWT-Shutdown" [_thread_blocked, id=40231, stack(0x000070000da61000,0x000070000db61000)]
  0x00007fcdb0833000 JavaThread "AppKit Thread" daemon [_thread_blocked, id=775, stack(0x00007ffee89a6000,0x00007ffee91a6000)]
  0x00007fcdb0823000 JavaThread "Service Thread" daemon [_thread_blocked, id=14851, stack(0x000070000d85b000,0x000070000d95b000)]
  0x00007fcdb2009000 JavaThread "C2 CompilerThread1" daemon [_thread_blocked, id=14339, stack(0x000070000d758000,0x000070000d858000)]
  0x00007fcdb081e800 JavaThread "C2 CompilerThread0" daemon [_thread_blocked, id=13827, stack(0x000070000d655000,0x000070000d755000)]
  0x00007fcdb081d800 JavaThread "Signal Dispatcher" daemon [_thread_blocked, id=13571, stack(0x000070000d552000,0x000070000d652000)]
  0x00007fcdb0807800 JavaThread "Finalizer" daemon [_thread_blocked, id=11523, stack(0x000070000d44f000,0x000070000d54f000)]
  0x00007fcdb184b000 JavaThread "Reference Handler" daemon [_thread_blocked, id=20227, stack(0x000070000d34c000,0x000070000d44c000)]

Other Threads:
  0x00007fcdb1848800 VMThread [stack: 0x000070000d249000,0x000070000d349000] [id=20483]
  0x00007fcdb082c000 WatcherThread [stack: 0x000070000d95e000,0x000070000da5e000] [id=18435]

VM state:not at safepoint (normal execution)

VM Mutex/Monitor currently owned by a thread: None

Heap
 PSYoungGen      total 38912K, used 9575K [0x00000007d5500000, 0x00000007d8000000, 0x0000000800000000)
  eden space 33792K, 14% used [0x00000007d5500000,0x00000007d59d7938,0x00000007d7600000)
  from space 5120K, 90% used [0x00000007d7600000,0x00000007d7a82520,0x00000007d7b00000)
  to   space 5120K, 0% used [0x00000007d7b00000,0x00000007d7b00000,0x00000007d8000000)
 ParOldGen       total 87040K, used 39111K [0x0000000780000000, 0x0000000785500000, 0x00000007d5500000)
  object space 87040K, 44% used [0x0000000780000000,0x0000000782631f00,0x0000000785500000)
 PSPermGen       total 21504K, used 17874K [0x000000077ae00000, 0x000000077c300000, 0x0000000780000000)
  object space 21504K, 83% used [0x000000077ae00000,0x000000077bf74b80,0x000000077c300000)

Card table byte_map: [0x000000010ae65000,0x000000010b28f000] byte_map_base: 0x000000010728e000

Polling page: 0x0000000106ac1000

Code Cache  [0x0000000107e65000, 0x00000001080d5000, 0x000000010ae65000)
 total_blobs=731 nmethods=229 adapters=456 free_code_cache=48254Kb largest_free_block=49358784

Compilation events (10 events):
Event: 607.023 Thread 0x00007fcdb081e800  238             java.util.concurrent.locks.ReentrantLock::tryLock (9 bytes)
Event: 607.024 Thread 0x00007fcdb081e800 nmethod 238 0x0000000107f4c590 code [0x0000000107f4c6e0, 0x0000000107f4c7f8]
Event: 1040.865 Thread 0x00007fcdb2009000  240             sun.java2d.pipe.RenderQueue::tryLock (4 bytes)
Event: 1040.868 Thread 0x00007fcdb2009000 nmethod 240 0x0000000107f4c210 code [0x0000000107f4c360, 0x0000000107f4c478]
Event: 1040.973 Thread 0x00007fcdb081e800  241             sun.java2d.opengl.OGLRenderQueue::access$000 (5 bytes)
Event: 1040.973 Thread 0x00007fcdb081e800 nmethod 241 0x0000000107f4c010 code [0x0000000107f4c140, 0x0000000107f4c198]
Event: 1357.292 Thread 0x00007fcdb2009000  242 %s!         sun.java2d.opengl.OGLRenderQueue$QueueFlusher::run @ 2 (234 bytes)
Event: 1357.304 Thread 0x00007fcdb2009000 nmethod 242% 0x0000000107f49850 code [0x0000000107f499e0, 0x0000000107f49ed8]
Event: 3945.298 Thread 0x00007fcdb081e800  243             java.util.ArrayList::access$100 (5 bytes)
Event: 3945.398 Thread 0x00007fcdb081e800 nmethod 243 0x0000000107f49650 code [0x0000000107f49780, 0x0000000107f497d8]

GC Heap History (6 events):
Event: 3.286 GC heap before
{Heap before GC invocations=1 (full 0):
 PSYoungGen      total 38912K, used 33792K [0x00000007d5500000, 0x00000007d8000000, 0x0000000800000000)
  eden space 33792K, 100% used [0x00000007d5500000,0x00000007d7600000,0x00000007d7600000)
  from space 5120K, 0% used [0x00000007d7b00000,0x00000007d7b00000,0x00000007d8000000)
  to   space 5120K, 0% used [0x00000007d7600000,0x00000007d7600000,0x00000007d7b00000)
 ParOldGen       total 87040K, used 0K [0x0000000780000000, 0x0000000785500000, 0x00000007d5500000)
  object space 87040K, 0% used [0x0000000780000000,0x0000000780000000,0x0000000785500000)
 PSPermGen       total 21504K, used 15053K [0x000000077ae00000, 0x000000077c300000, 0x0000000780000000)
  object space 21504K, 70% used [0x000000077ae00000,0x000000077bcb34a0,0x000000077c300000)
Event: 3.296 GC heap after
Heap after GC invocations=1 (full 0):
 PSYoungGen      total 38912K, used 5097K [0x00000007d5500000, 0x00000007d8000000, 0x0000000800000000)
  eden space 33792K, 0% used [0x00000007d5500000,0x00000007d5500000,0x00000007d7600000)
  from space 5120K, 99% used [0x00000007d7600000,0x00000007d7afa5d8,0x00000007d7b00000)
  to   space 5120K, 0% used [0x00000007d7b00000,0x00000007d7b00000,0x00000007d8000000)
 ParOldGen       total 87040K, used 5883K [0x0000000780000000, 0x0000000785500000, 0x00000007d5500000)
  object space 87040K, 6% used [0x0000000780000000,0x00000007805befb0,0x0000000785500000)
 PSPermGen       total 21504K, used 15053K [0x000000077ae00000, 0x000000077c300000, 0x0000000780000000)
  object space 21504K, 70% used [0x000000077ae00000,0x000000077bcb34a0,0x000000077c300000)
}
Event: 62.148 GC heap before
{Heap before GC invocations=2 (full 0):
 PSYoungGen      total 38912K, used 38889K [0x00000007d5500000, 0x00000007d8000000, 0x0000000800000000)
  eden space 33792K, 100% used [0x00000007d5500000,0x00000007d7600000,0x00000007d7600000)
  from space 5120K, 99% used [0x00000007d7600000,0x00000007d7afa5d8,0x00000007d7b00000)
  to   space 5120K, 0% used [0x00000007d7b00000,0x00000007d7b00000,0x00000007d8000000)
 ParOldGen       total 87040K, used 5883K [0x0000000780000000, 0x0000000785500000, 0x00000007d5500000)
  object space 87040K, 6% used [0x0000000780000000,0x00000007805befb0,0x0000000785500000)
 PSPermGen       total 21504K, used 17809K [0x000000077ae00000, 0x000000077c300000, 0x0000000780000000)
  object space 21504K, 82% used [0x000000077ae00000,0x000000077bf64658,0x000000077c300000)
Event: 62.165 GC heap after
Heap after GC invocations=2 (full 0):
 PSYoungGen      total 38912K, used 4041K [0x00000007d5500000, 0x00000007d8000000, 0x0000000800000000)
  eden space 33792K, 0% used [0x00000007d5500000,0x00000007d5500000,0x00000007d7600000)
  from space 5120K, 78% used [0x00000007d7b00000,0x00000007d7ef2520,0x00000007d8000000)
  to   space 5120K, 0% used [0x00000007d7600000,0x00000007d7600000,0x00000007d7b00000)
 ParOldGen       total 87040K, used 20280K [0x0000000780000000, 0x0000000785500000, 0x00000007d5500000)
  object space 87040K, 23% used [0x0000000780000000,0x00000007813ce100,0x0000000785500000)
 PSPermGen       total 21504K, used 17809K [0x000000077ae00000, 0x000000077c300000, 0x0000000780000000)
  object space 21504K, 82% used [0x000000077ae00000,0x000000077bf64658,0x000000077c300000)
}
Event: 3984.866 GC heap before
{Heap before GC invocations=3 (full 0):
 PSYoungGen      total 38912K, used 35639K [0x00000007d5500000, 0x00000007d8000000, 0x0000000800000000)
  eden space 33792K, 93% used [0x00000007d5500000,0x00000007d73db9b8,0x00000007d7600000)
  from space 5120K, 78% used [0x00000007d7b00000,0x00000007d7ef2520,0x00000007d8000000)
  to   space 5120K, 0% used [0x00000007d7600000,0x00000007d7600000,0x00000007d7b00000)
 ParOldGen       total 87040K, used 20280K [0x0000000780000000, 0x0000000785500000, 0x00000007d5500000)
  object space 87040K, 23% used [0x0000000780000000,0x00000007813ce100,0x0000000785500000)
 PSPermGen       total 21504K, used 17874K [0x000000077ae00000, 0x000000077c300000, 0x0000000780000000)
  object space 21504K, 83% used [0x000000077ae00000,0x000000077bf74938,0x000000077c300000)
Event: 3984.918 GC heap after
Heap after GC invocations=3 (full 0):
 PSYoungGen      total 38912K, used 4617K [0x00000007d5500000, 0x00000007d8000000, 0x0000000800000000)
  eden space 33792K, 0% used [0x00000007d5500000,0x00000007d5500000,0x00000007d7600000)
  from space 5120K, 90% used [0x00000007d7600000,0x00000007d7a82520,0x00000007d7b00000)
  to   space 5120K, 0% used [0x00000007d7b00000,0x00000007d7b00000,0x00000007d8000000)
 ParOldGen       total 87040K, used 39111K [0x0000000780000000, 0x0000000785500000, 0x00000007d5500000)
  object space 87040K, 44% used [0x0000000780000000,0x0000000782631f00,0x0000000785500000)
 PSPermGen       total 21504K, used 17874K [0x000000077ae00000, 0x000000077c300000, 0x0000000780000000)
  object space 21504K, 83% used [0x000000077ae00000,0x000000077bf74938,0x000000077c300000)
}

Deoptimization events (10 events):
Event: 62.175 Thread 0x00007fcdb1966000 Uncommon trap: reason=array_check action=maybe_recompile pc=0x0000000107f3ef38 method=java.util.Arrays.fill([Ljava/lang/Object;Ljava/lang/Object;)V @ 13
Event: 62.175 Thread 0x00007fcdb1966000 Uncommon trap: reason=array_check action=maybe_recompile pc=0x0000000107f3ef38 method=java.util.Arrays.fill([Ljava/lang/Object;Ljava/lang/Object;)V @ 13
Event: 62.175 Thread 0x00007fcdb1966000 Uncommon trap: reason=array_check action=maybe_recompile pc=0x0000000107f3ef38 method=java.util.Arrays.fill([Ljava/lang/Object;Ljava/lang/Object;)V @ 13
Event: 62.175 Thread 0x00007fcdb1966000 Uncommon trap: reason=array_check action=maybe_recompile pc=0x0000000107f3ef38 method=java.util.Arrays.fill([Ljava/lang/Object;Ljava/lang/Object;)V @ 13
Event: 110.355 Thread 0x00007fcdb19b7800 Uncommon trap: reason=class_check action=maybe_recompile pc=0x0000000107eecce0 method=java.awt.Container.getMouseEventTargetImpl(IIZLjava/awt/Container$EventTargetFilter;ZZ)Ljava/awt/Component; @ 191
Event: 3944.294 Thread 0x00007fcdb1966000 Uncommon trap: reason=unstable_if action=reinterpret pc=0x0000000107f49cbc method=sun.java2d.opengl.OGLRenderQueue$QueueFlusher.run()V @ 22
Event: 3945.155 Thread 0x00007fcdb0833000 Uncommon trap: reason=unstable_if action=reinterpret pc=0x0000000107f41c84 method=sun.java2d.pipe.Region.clipScale(ID)I @ 3
Event: 3945.157 Thread 0x00007fcdb0833000 Uncommon trap: reason=null_check action=make_not_entrant pc=0x0000000107f44754 method=java.awt.geom.AffineTransform.equals(Ljava/lang/Object;)Z @ 1
Event: 3945.654 Thread 0x00007fcdb19b7800 Uncommon trap: reason=unstable_if action=reinterpret pc=0x0000000107f3bcd0 method=java.util.IdentityHashMap.isEmpty()Z @ 4
Event: 3966.794 Thread 0x00007fcdb0833000 Uncommon trap: reason=null_check action=make_not_entrant pc=0x0000000107ee6ee8 method=java.awt.geom.AffineTransform.equals(Ljava/lang/Object;)Z @ 1

Internal exceptions (10 events):
Event: 62.166 Thread 0x00007fcdb19b7800 Threw 0x00000007d5500990 at /Users/java_re/workspace/7u-2-build-macosx-x86_64/jdk7u80/2329/hotspot/src/share/vm/prims/jvm.cpp:1319
Event: 62.188 Thread 0x00007fcdb19b7800 Threw 0x00000007d552c4c8 at /Users/java_re/workspace/7u-2-build-macosx-x86_64/jdk7u80/2329/hotspot/src/share/vm/prims/jvm.cpp:1319
Event: 62.189 Thread 0x00007fcdb19b7800 Threw 0x00000007d5530370 at /Users/java_re/workspace/7u-2-build-macosx-x86_64/jdk7u80/2329/hotspot/src/share/vm/prims/jvm.cpp:1319
Event: 62.189 Thread 0x00007fcdb19b7800 Threw 0x00000007d5532d40 at /Users/java_re/workspace/7u-2-build-macosx-x86_64/jdk7u80/2329/hotspot/src/share/vm/prims/jvm.cpp:1319
Event: 62.190 Thread 0x00007fcdb19b7800 Threw 0x00000007d5535710 at /Users/java_re/workspace/7u-2-build-macosx-x86_64/jdk7u80/2329/hotspot/src/share/vm/prims/jvm.cpp:1319
Event: 62.190 Thread 0x00007fcdb19b7800 Threw 0x00000007d5538058 at /Users/java_re/workspace/7u-2-build-macosx-x86_64/jdk7u80/2329/hotspot/src/share/vm/prims/jvm.cpp:1319
Event: 62.191 Thread 0x00007fcdb19b7800 Threw 0x00000007d553bec0 at /Users/java_re/workspace/7u-2-build-macosx-x86_64/jdk7u80/2329/hotspot/src/share/vm/prims/jvm.cpp:1319
Event: 62.192 Thread 0x00007fcdb19b7800 Threw 0x00000007d553e940 at /Users/java_re/workspace/7u-2-build-macosx-x86_64/jdk7u80/2329/hotspot/src/share/vm/prims/jvm.cpp:1319
Event: 3945.156 Thread 0x00007fcdb0833000 Implicit null exception at 0x0000000107f42f85 to 0x0000000107f44729
Event: 3966.794 Thread 0x00007fcdb0833000 Implicit null exception at 0x0000000107ee6dcc to 0x0000000107ee6ed9

Events (10 events):
Event: 3984.925 Executing VM operation: RevokeBias
Event: 3984.925 Executing VM operation: RevokeBias done
Event: 3984.925 Executing VM operation: RevokeBias
Event: 3984.925 Executing VM operation: RevokeBias done
Event: 3984.925 Executing VM operation: RevokeBias
Event: 3984.925 Executing VM operation: RevokeBias done
Event: 3984.925 Executing VM operation: RevokeBias
Event: 3984.925 Executing VM operation: RevokeBias done
Event: 3984.925 Executing VM operation: RevokeBias
Event: 3984.925 Executing VM operation: RevokeBias done


Dynamic libraries:
0x0000000014cc0000 	/System/Library/Frameworks/Cocoa.framework/Versions/A/Cocoa
0x0000000014cc0000 	/System/Library/Frameworks/Security.framework/Versions/A/Security
0x0000000014cc0000 	/System/Library/Frameworks/ApplicationServices.framework/Versions/A/ApplicationServices
0x0000000014cc0000 	/usr/lib/libz.1.dylib
0x0000000014cc0000 	/usr/lib/libSystem.B.dylib
0x0000000014cc0000 	/usr/lib/libobjc.A.dylib
0x0000000014cc0000 	/System/Library/Frameworks/CoreFoundation.framework/Versions/A/CoreFoundation
0x0000000014cc0000 	/System/Library/Frameworks/Foundation.framework/Versions/C/Foundation
0x0000000014cc0000 	/System/Library/Frameworks/AppKit.framework/Versions/C/AppKit
0x0000000014cc0000 	/System/Library/Frameworks/CoreData.framework/Versions/A/CoreData
0x0000000014cc0000 	/System/Library/PrivateFrameworks/RemoteViewServices.framework/Versions/A/RemoteViewServices
0x0000000014cc0000 	/System/Library/PrivateFrameworks/UIFoundation.framework/Versions/A/UIFoundation
0x0000000014cc0000 	/System/Library/PrivateFrameworks/XCTTargetBootstrap.framework/Versions/A/XCTTargetBootstrap
0x0000000014cc0000 	/System/Library/PrivateFrameworks/IconServices.framework/Versions/A/IconServices
0x0000000014cc0000 	/System/Library/Frameworks/Metal.framework/Versions/A/Metal
0x0000000014cc0000 	/System/Library/PrivateFrameworks/DesktopServicesPriv.framework/Versions/A/DesktopServicesPriv
0x0000000014cc0000 	/usr/lib/libenergytrace.dylib
0x0000000014cc0000 	/System/Library/PrivateFrameworks/SkyLight.framework/Versions/A/SkyLight
0x0000000014cc0000 	/System/Library/Frameworks/CoreGraphics.framework/Versions/A/CoreGraphics
0x0000000014cc0000 	/System/Library/Frameworks/Accelerate.framework/Versions/A/Accelerate
0x0000000014cc0000 	/System/Library/Frameworks/IOSurface.framework/Versions/A/IOSurface
0x0000000014cc0000 	/System/Library/PrivateFrameworks/DFRFoundation.framework/Versions/A/DFRFoundation
0x0000000014cc0000 	/System/Library/Frameworks/AudioToolbox.framework/Versions/A/AudioToolbox
0x0000000014cc0000 	/System/Library/Frameworks/AudioUnit.framework/Versions/A/AudioUnit
0x0000000014cc0000 	/System/Library/PrivateFrameworks/DataDetectorsCore.framework/Versions/A/DataDetectorsCore
0x0000000014cc0000 	/System/Library/Frameworks/Carbon.framework/Versions/A/Frameworks/HIToolbox.framework/Versions/A/HIToolbox
0x0000000014cc0000 	/usr/lib/libicucore.A.dylib
0x0000000014cc0000 	/System/Library/Frameworks/QuartzCore.framework/Versions/A/QuartzCore
0x0000000014cc0000 	/System/Library/Frameworks/Carbon.framework/Versions/A/Frameworks/SpeechRecognition.framework/Versions/A/SpeechRecognition
0x0000000014cc0000 	/usr/lib/libauto.dylib
0x0000000014cc0000 	/usr/lib/libxml2.2.dylib
0x0000000014cc0000 	/System/Library/PrivateFrameworks/CoreUI.framework/Versions/A/CoreUI
0x0000000014cc0000 	/System/Library/Frameworks/CoreAudio.framework/Versions/A/CoreAudio
0x0000000014cc0000 	/System/Library/Frameworks/DiskArbitration.framework/Versions/A/DiskArbitration
0x0000000014cc0000 	/usr/lib/liblangid.dylib
0x0000000014cc0000 	/System/Library/PrivateFrameworks/MultitouchSupport.framework/Versions/A/MultitouchSupport
0x0000000014cc0000 	/System/Library/Frameworks/IOKit.framework/Versions/A/IOKit
0x0000000014cc0000 	/usr/lib/libDiagnosticMessagesClient.dylib
0x0000000014cc0000 	/System/Library/Frameworks/CoreServices.framework/Versions/A/CoreServices
0x0000000014cc0000 	/System/Library/PrivateFrameworks/PerformanceAnalysis.framework/Versions/A/PerformanceAnalysis
0x0000000014cc0000 	/System/Library/Frameworks/OpenGL.framework/Versions/A/OpenGL
0x0000000014cc0000 	/System/Library/Frameworks/ColorSync.framework/Versions/A/ColorSync
0x0000000014cc0000 	/System/Library/Frameworks/CoreImage.framework/Versions/A/CoreImage
0x0000000014cc0000 	/System/Library/Frameworks/CoreText.framework/Versions/A/CoreText
0x0000000014cc0000 	/System/Library/Frameworks/ImageIO.framework/Versions/A/ImageIO
0x0000000014cc0000 	/System/Library/PrivateFrameworks/Backup.framework/Versions/A/Backup
0x0000000014cc0000 	/usr/lib/libarchive.2.dylib
0x0000000014cc0000 	/System/Library/Frameworks/CFNetwork.framework/Versions/A/CFNetwork
0x0000000014cc0000 	/System/Library/Frameworks/SystemConfiguration.framework/Versions/A/SystemConfiguration
0x0000000014cc0000 	/usr/lib/libCRFSuite.dylib
0x0000000014cc0000 	/usr/lib/libc++.1.dylib
0x0000000014cc0000 	/usr/lib/libc++abi.dylib
0x0000000014cc0000 	/usr/lib/system/libcache.dylib
0x0000000014cc0000 	/usr/lib/system/libcommonCrypto.dylib
0x0000000014cc0000 	/usr/lib/system/libcompiler_rt.dylib
0x0000000014cc0000 	/usr/lib/system/libcopyfile.dylib
0x0000000014cc0000 	/usr/lib/system/libcorecrypto.dylib
0x0000000014cc0000 	/usr/lib/system/libdispatch.dylib
0x0000000014cc0000 	/usr/lib/system/libdyld.dylib
0x0000000014cc0000 	/usr/lib/system/libkeymgr.dylib
0x0000000014cc0000 	/usr/lib/system/liblaunch.dylib
0x0000000014cc0000 	/usr/lib/system/libmacho.dylib
0x0000000014cc0000 	/usr/lib/system/libquarantine.dylib
0x0000000014cc0000 	/usr/lib/system/libremovefile.dylib
0x0000000014cc0000 	/usr/lib/system/libsystem_asl.dylib
0x0000000014cc0000 	/usr/lib/system/libsystem_blocks.dylib
0x0000000014cc0000 	/usr/lib/system/libsystem_c.dylib
0x0000000014cc0000 	/usr/lib/system/libsystem_configuration.dylib
0x0000000014cc0000 	/usr/lib/system/libsystem_coreservices.dylib
0x0000000014cc0000 	/usr/lib/system/libsystem_darwin.dylib
0x0000000014cc0000 	/usr/lib/system/libsystem_dnssd.dylib
0x0000000014cc0000 	/usr/lib/system/libsystem_info.dylib
0x0000000014cc0000 	/usr/lib/system/libsystem_m.dylib
0x0000000014cc0000 	/usr/lib/system/libsystem_malloc.dylib
0x0000000014cc0000 	/usr/lib/system/libsystem_networkextension.dylib
0x0000000014cc0000 	/usr/lib/system/libsystem_notify.dylib
0x0000000014cc0000 	/usr/lib/system/libsystem_sandbox.dylib
0x0000000014cc0000 	/usr/lib/system/libsystem_secinit.dylib
0x0000000014cc0000 	/usr/lib/system/libsystem_kernel.dylib
0x0000000014cc0000 	/usr/lib/system/libsystem_platform.dylib
0x0000000014cc0000 	/usr/lib/system/libsystem_pthread.dylib
0x0000000014cc0000 	/usr/lib/system/libsystem_symptoms.dylib
0x0000000014cc0000 	/usr/lib/system/libsystem_trace.dylib
0x0000000014cc0000 	/usr/lib/system/libunwind.dylib
0x0000000014cc0000 	/usr/lib/system/libxpc.dylib
0x0000000014cc0000 	/usr/lib/libbsm.0.dylib
0x0000000014cc0000 	/usr/lib/system/libkxld.dylib
0x0000000014cc0000 	/System/Library/PrivateFrameworks/AppleFSCompression.framework/Versions/A/AppleFSCompression
0x0000000014cc0000 	/usr/lib/libOpenScriptingUtil.dylib
0x0000000014cc0000 	/usr/lib/libcoretls.dylib
0x0000000014cc0000 	/usr/lib/libcoretls_cfhelpers.dylib
0x0000000014cc0000 	/usr/lib/libpam.2.dylib
0x0000000014cc0000 	/usr/lib/libsqlite3.dylib
0x0000000014cc0000 	/usr/lib/libxar.1.dylib
0x0000000014cc0000 	/usr/lib/libbz2.1.0.dylib
0x0000000014cc0000 	/usr/lib/liblzma.5.dylib
0x0000000014cc0000 	/usr/lib/libnetwork.dylib
0x0000000014cc0000 	/usr/lib/libapple_nghttp2.dylib
0x0000000014cc0000 	/usr/lib/libpcap.A.dylib
0x0000000014cc0000 	/System/Library/Frameworks/CoreServices.framework/Versions/A/Frameworks/FSEvents.framework/Versions/A/FSEvents
0x0000000014cc0000 	/System/Library/Frameworks/CoreServices.framework/Versions/A/Frameworks/CarbonCore.framework/Versions/A/CarbonCore
0x0000000014cc0000 	/System/Library/Frameworks/CoreServices.framework/Versions/A/Frameworks/Metadata.framework/Versions/A/Metadata
0x0000000014cc0000 	/System/Library/Frameworks/CoreServices.framework/Versions/A/Frameworks/OSServices.framework/Versions/A/OSServices
0x0000000014cc0000 	/System/Library/Frameworks/CoreServices.framework/Versions/A/Frameworks/SearchKit.framework/Versions/A/SearchKit
0x0000000014cc0000 	/System/Library/Frameworks/CoreServices.framework/Versions/A/Frameworks/AE.framework/Versions/A/AE
0x0000000014cc0000 	/System/Library/Frameworks/CoreServices.framework/Versions/A/Frameworks/LaunchServices.framework/Versions/A/LaunchServices
0x0000000014cc0000 	/System/Library/Frameworks/CoreServices.framework/Versions/A/Frameworks/DictionaryServices.framework/Versions/A/DictionaryServices
0x0000000014cc0000 	/System/Library/Frameworks/CoreServices.framework/Versions/A/Frameworks/SharedFileList.framework/Versions/A/SharedFileList
0x0000000014cc0000 	/System/Library/Frameworks/NetFS.framework/Versions/A/NetFS
0x0000000014cc0000 	/System/Library/PrivateFrameworks/NetAuth.framework/Versions/A/NetAuth
0x0000000014cc0000 	/System/Library/PrivateFrameworks/login.framework/Versions/A/Frameworks/loginsupport.framework/Versions/A/loginsupport
0x0000000014cc0000 	/System/Library/PrivateFrameworks/TCC.framework/Versions/A/TCC
0x0000000014cc0000 	/System/Library/PrivateFrameworks/CoreNLP.framework/Versions/A/CoreNLP
0x0000000014cc0000 	/System/Library/PrivateFrameworks/MetadataUtilities.framework/Versions/A/MetadataUtilities
0x0000000014cc0000 	/usr/lib/libmecabra.dylib
0x0000000014cc0000 	/System/Library/Frameworks/ApplicationServices.framework/Versions/A/Frameworks/ATS.framework/Versions/A/ATS
0x0000000014cc0000 	/System/Library/Frameworks/ApplicationServices.framework/Versions/A/Frameworks/ColorSyncLegacy.framework/Versions/A/ColorSyncLegacy
0x0000000014cc0000 	/System/Library/Frameworks/ApplicationServices.framework/Versions/A/Frameworks/HIServices.framework/Versions/A/HIServices
0x0000000014cc0000 	/System/Library/Frameworks/ApplicationServices.framework/Versions/A/Frameworks/LangAnalysis.framework/Versions/A/LangAnalysis
0x0000000014cc0000 	/System/Library/Frameworks/ApplicationServices.framework/Versions/A/Frameworks/PrintCore.framework/Versions/A/PrintCore
0x0000000014cc0000 	/System/Library/Frameworks/ApplicationServices.framework/Versions/A/Frameworks/QD.framework/Versions/A/QD
0x0000000014cc0000 	/System/Library/Frameworks/ApplicationServices.framework/Versions/A/Frameworks/SpeechSynthesis.framework/Versions/A/SpeechSynthesis
0x0000000014cc0000 	/usr/lib/libcompression.dylib
0x0000000014cc0000 	/System/Library/Frameworks/CoreDisplay.framework/Versions/A/CoreDisplay
0x0000000014cc0000 	/System/Library/Frameworks/MetalPerformanceShaders.framework/Versions/A/MetalPerformanceShaders
0x0000000014cc0000 	/System/Library/Frameworks/Accelerate.framework/Versions/A/Frameworks/vImage.framework/Versions/A/vImage
0x0000000014cc0000 	/System/Library/Frameworks/Accelerate.framework/Versions/A/Frameworks/vecLib.framework/Versions/A/vecLib
0x0000000014cc0000 	/System/Library/Frameworks/Accelerate.framework/Versions/A/Frameworks/vecLib.framework/Versions/A/libvMisc.dylib
0x0000000014cc0000 	/System/Library/Frameworks/Accelerate.framework/Versions/A/Frameworks/vecLib.framework/Versions/A/libvDSP.dylib
0x0000000014cc0000 	/System/Library/Frameworks/Accelerate.framework/Versions/A/Frameworks/vecLib.framework/Versions/A/libBLAS.dylib
0x0000000014cc0000 	/System/Library/Frameworks/Accelerate.framework/Versions/A/Frameworks/vecLib.framework/Versions/A/libLAPACK.dylib
0x0000000014cc0000 	/System/Library/Frameworks/Accelerate.framework/Versions/A/Frameworks/vecLib.framework/Versions/A/libLinearAlgebra.dylib
0x0000000014cc0000 	/System/Library/Frameworks/Accelerate.framework/Versions/A/Frameworks/vecLib.framework/Versions/A/libSparseBLAS.dylib
0x0000000014cc0000 	/System/Library/Frameworks/Accelerate.framework/Versions/A/Frameworks/vecLib.framework/Versions/A/libQuadrature.dylib
0x0000000014cc0000 	/System/Library/Frameworks/Accelerate.framework/Versions/A/Frameworks/vecLib.framework/Versions/A/libBNNS.dylib
0x0000000014cc0000 	/System/Library/Frameworks/Accelerate.framework/Versions/A/Frameworks/vecLib.framework/Versions/A/libSparse.dylib
0x0000000014cc0000 	/System/Library/PrivateFrameworks/GPUWrangler.framework/Versions/A/GPUWrangler
0x0000000014cc0000 	/System/Library/PrivateFrameworks/IOAccelerator.framework/Versions/A/IOAccelerator
0x0000000014cc0000 	/System/Library/PrivateFrameworks/IOPresentment.framework/Versions/A/IOPresentment
0x0000000014cc0000 	/System/Library/PrivateFrameworks/DSExternalDisplay.framework/Versions/A/DSExternalDisplay
0x0000000014cc0000 	/System/Library/Frameworks/OpenGL.framework/Versions/A/Libraries/libCoreFSCache.dylib
0x0000000014cc0000 	/System/Library/Frameworks/MetalPerformanceShaders.framework/Frameworks/MPSCore.framework/Versions/A/MPSCore
0x0000000014cc0000 	/System/Library/Frameworks/MetalPerformanceShaders.framework/Frameworks/MPSImage.framework/Versions/A/MPSImage
0x0000000014cc0000 	/System/Library/Frameworks/MetalPerformanceShaders.framework/Frameworks/MPSNeuralNetwork.framework/Versions/A/MPSNeuralNetwork
0x0000000014cc0000 	/System/Library/Frameworks/MetalPerformanceShaders.framework/Frameworks/MPSMatrix.framework/Versions/A/MPSMatrix
0x0000000014cc0000 	/System/Library/Frameworks/MetalPerformanceShaders.framework/Frameworks/MPSRayIntersector.framework/Versions/A/MPSRayIntersector
0x0000000014cc0000 	/System/Library/PrivateFrameworks/MetalTools.framework/Versions/A/MetalTools
0x0000000014cc0000 	/System/Library/PrivateFrameworks/AggregateDictionary.framework/Versions/A/AggregateDictionary
0x0000000014cc0000 	/usr/lib/libMobileGestalt.dylib
0x0000000014cc0000 	/System/Library/Frameworks/CoreVideo.framework/Versions/A/CoreVideo
0x0000000014cc0000 	/System/Library/PrivateFrameworks/GraphVisualizer.framework/Versions/A/GraphVisualizer
0x0000000014cc0000 	/System/Library/PrivateFrameworks/FaceCore.framework/Versions/A/FaceCore
0x0000000014cc0000 	/System/Library/Frameworks/OpenCL.framework/Versions/A/OpenCL
0x0000000014cc0000 	/usr/lib/libFosl_dynamic.dylib
0x0000000014cc0000 	/System/Library/PrivateFrameworks/OTSVG.framework/Versions/A/OTSVG
0x0000000014cc0000 	/System/Library/Frameworks/ApplicationServices.framework/Versions/A/Frameworks/ATS.framework/Versions/A/Resources/libFontParser.dylib
0x0000000014cc0000 	/System/Library/Frameworks/ApplicationServices.framework/Versions/A/Frameworks/ATS.framework/Versions/A/Resources/libFontRegistry.dylib
0x0000000014cc0000 	/System/Library/Frameworks/ImageIO.framework/Versions/A/Resources/libJPEG.dylib
0x0000000014cc0000 	/System/Library/Frameworks/ImageIO.framework/Versions/A/Resources/libTIFF.dylib
0x0000000014cc0000 	/System/Library/Frameworks/ImageIO.framework/Versions/A/Resources/libPng.dylib
0x0000000014cc0000 	/System/Library/Frameworks/ImageIO.framework/Versions/A/Resources/libGIF.dylib
0x0000000014cc0000 	/System/Library/Frameworks/ImageIO.framework/Versions/A/Resources/libJP2.dylib
0x0000000014cc0000 	/System/Library/Frameworks/ImageIO.framework/Versions/A/Resources/libRadiance.dylib
0x0000000014cc0000 	/System/Library/PrivateFrameworks/AppleJPEG.framework/Versions/A/AppleJPEG
0x0000000014cc0000 	/System/Library/Frameworks/OpenGL.framework/Versions/A/Libraries/libGFXShared.dylib
0x0000000014cc0000 	/System/Library/Frameworks/OpenGL.framework/Versions/A/Libraries/libGLU.dylib
0x0000000014cc0000 	/System/Library/Frameworks/OpenGL.framework/Versions/A/Libraries/libGL.dylib
0x0000000014cc0000 	/System/Library/Frameworks/OpenGL.framework/Versions/A/Libraries/libGLImage.dylib
0x0000000014cc0000 	/System/Library/Frameworks/OpenGL.framework/Versions/A/Libraries/libCVMSPluginSupport.dylib
0x0000000014cc0000 	/System/Library/Frameworks/OpenGL.framework/Versions/A/Libraries/libCoreVMClient.dylib
0x0000000014cc0000 	/usr/lib/libcups.2.dylib
0x0000000014cc0000 	/System/Library/Frameworks/Kerberos.framework/Versions/A/Kerberos
0x0000000014cc0000 	/System/Library/Frameworks/GSS.framework/Versions/A/GSS
0x0000000014cc0000 	/usr/lib/libresolv.9.dylib
0x0000000014cc0000 	/usr/lib/libiconv.2.dylib
0x0000000014cc0000 	/System/Library/PrivateFrameworks/Heimdal.framework/Versions/A/Heimdal
0x0000000014cc0000 	/usr/lib/libheimdal-asn1.dylib
0x0000000014cc0000 	/System/Library/Frameworks/OpenDirectory.framework/Versions/A/OpenDirectory
0x0000000014cc0000 	/System/Library/PrivateFrameworks/CommonAuth.framework/Versions/A/CommonAuth
0x0000000014cc0000 	/System/Library/Frameworks/OpenDirectory.framework/Versions/A/Frameworks/CFOpenDirectory.framework/Versions/A/CFOpenDirectory
0x0000000014cc0000 	/System/Library/Frameworks/SecurityFoundation.framework/Versions/A/SecurityFoundation
0x0000000014cc0000 	/System/Library/PrivateFrameworks/APFS.framework/Versions/A/APFS
0x0000000014cc0000 	/usr/lib/libutil.dylib
0x0000000014cc0000 	/usr/lib/libcharset.1.dylib
0x0000000014cc0000 	/System/Library/PrivateFrameworks/AppleSauce.framework/Versions/A/AppleSauce
0x0000000014cc0000 	/System/Library/PrivateFrameworks/AssertionServices.framework/Versions/A/AssertionServices
0x0000000014cc0000 	/System/Library/PrivateFrameworks/BaseBoard.framework/Versions/A/BaseBoard
0x0000000014cc0000 	/usr/lib/libmecab.1.0.0.dylib
0x0000000014cc0000 	/usr/lib/libgermantok.dylib
0x0000000014cc0000 	/usr/lib/libThaiTokenizer.dylib
0x0000000014cc0000 	/usr/lib/libChineseTokenizer.dylib
0x0000000014cc0000 	/System/Library/PrivateFrameworks/LanguageModeling.framework/Versions/A/LanguageModeling
0x0000000014cc0000 	/System/Library/PrivateFrameworks/CoreEmoji.framework/Versions/A/CoreEmoji
0x0000000014cc0000 	/System/Library/PrivateFrameworks/Lexicon.framework/Versions/A/Lexicon
0x0000000014cc0000 	/System/Library/PrivateFrameworks/LinguisticData.framework/Versions/A/LinguisticData
0x0000000014cc0000 	/usr/lib/libcmph.dylib
0x0000000014cc0000 	/System/Library/Frameworks/ServiceManagement.framework/Versions/A/ServiceManagement
0x0000000014cc0000 	/System/Library/PrivateFrameworks/BackgroundTaskManagement.framework/Versions/A/BackgroundTaskManagement
0x0000000014cc0000 	/usr/lib/libxslt.1.dylib
0x0000000014cc0000 	/System/Library/Frameworks/Carbon.framework/Versions/A/Frameworks/Ink.framework/Versions/A/Ink
0x0000000014cc0000 	/System/Library/PrivateFrameworks/TextureIO.framework/Versions/A/TextureIO
0x0000000014cc0000 	/usr/lib/libate.dylib
0x0000000014cc0000 	/System/Library/PrivateFrameworks/CrashReporterSupport.framework/Versions/A/CrashReporterSupport
0x0000000014cc0000 	/System/Library/PrivateFrameworks/Sharing.framework/Versions/A/Sharing
0x0000000014cc0000 	/System/Library/PrivateFrameworks/AuthKit.framework/Versions/A/AuthKit
0x0000000014cc0000 	/System/Library/PrivateFrameworks/Apple80211.framework/Versions/A/Apple80211
0x0000000014cc0000 	/System/Library/PrivateFrameworks/CoreUtils.framework/Versions/A/CoreUtils
0x0000000014cc0000 	/System/Library/Frameworks/CoreWLAN.framework/Versions/A/CoreWLAN
0x0000000014cc0000 	/System/Library/Frameworks/IOBluetooth.framework/Versions/A/IOBluetooth
0x0000000014cc0000 	/System/Library/PrivateFrameworks/ProtocolBuffer.framework/Versions/A/ProtocolBuffer
0x0000000014cc0000 	/System/Library/PrivateFrameworks/MobileKeyBag.framework/Versions/A/MobileKeyBag
0x0000000014cc0000 	/System/Library/PrivateFrameworks/CorePhoneNumbers.framework/Versions/A/CorePhoneNumbers
0x0000000014cc0000 	/System/Library/PrivateFrameworks/AppleIDAuthSupport.framework/Versions/A/AppleIDAuthSupport
0x0000000014cc0000 	/System/Library/PrivateFrameworks/KeychainCircle.framework/Versions/A/KeychainCircle
0x0000000014cc0000 	/System/Library/PrivateFrameworks/ROCKit.framework/Versions/A/ROCKit
0x0000000014cc0000 	/System/Library/PrivateFrameworks/CoreWiFi.framework/Versions/A/CoreWiFi
0x0000000014cc0000 	/System/Library/Frameworks/CoreBluetooth.framework/Versions/A/CoreBluetooth
0x0000000014cc0000 	/System/Library/PrivateFrameworks/DebugSymbols.framework/Versions/A/DebugSymbols
0x0000000014cc0000 	/System/Library/PrivateFrameworks/CoreSymbolication.framework/Versions/A/CoreSymbolication
0x0000000014cc0000 	/System/Library/PrivateFrameworks/Symbolication.framework/Versions/A/Symbolication
0x0000000014cc0000 	/System/Library/PrivateFrameworks/SpeechRecognitionCore.framework/Versions/A/SpeechRecognitionCore
0x0000000107400000 	/Library/Java/JavaVirtualMachines/jdk1.7.0_80.jdk/Contents/Home/jre/lib/server/libjvm.dylib
0x0000000014cc0000 	/usr/lib/libstdc++.6.dylib
0x0000000106a84000 	/Library/Java/JavaVirtualMachines/jdk1.7.0_80.jdk/Contents/Home/jre/lib/libverify.dylib
0x0000000106a91000 	/Library/Java/JavaVirtualMachines/jdk1.7.0_80.jdk/Contents/Home/jre/lib/libjava.dylib
0x0000000106b0b000 	/Library/Java/JavaVirtualMachines/jdk1.7.0_80.jdk/Contents/Home/jre/lib/libzip.dylib
0x0000000014cc0000 	/System/Library/Frameworks/JavaVM.framework/Versions/A/Frameworks/JavaRuntimeSupport.framework/Versions/A/JavaRuntimeSupport
0x0000000014cc0000 	/System/Library/Frameworks/JavaVM.framework/Versions/A/Frameworks/JavaNativeFoundation.framework/Versions/A/JavaNativeFoundation
0x0000000014cc0000 	/System/Library/Frameworks/JavaVM.framework/Versions/A/JavaVM
0x0000000014cc0000 	/System/Library/Frameworks/Carbon.framework/Versions/A/Carbon
0x0000000014cc0000 	/System/Library/PrivateFrameworks/JavaLaunching.framework/Versions/A/JavaLaunching
0x0000000014cc0000 	/System/Library/Frameworks/Carbon.framework/Versions/A/Frameworks/CommonPanels.framework/Versions/A/CommonPanels
0x0000000014cc0000 	/System/Library/Frameworks/Carbon.framework/Versions/A/Frameworks/Help.framework/Versions/A/Help
0x0000000014cc0000 	/System/Library/Frameworks/Carbon.framework/Versions/A/Frameworks/ImageCapture.framework/Versions/A/ImageCapture
0x0000000014cc0000 	/System/Library/Frameworks/Carbon.framework/Versions/A/Frameworks/OpenScripting.framework/Versions/A/OpenScripting
0x0000000014cc0000 	/System/Library/Frameworks/Carbon.framework/Versions/A/Frameworks/Print.framework/Versions/A/Print
0x0000000014cc0000 	/System/Library/Frameworks/Carbon.framework/Versions/A/Frameworks/SecurityHI.framework/Versions/A/SecurityHI
0x0000000112a1e000 	/Library/Java/JavaVirtualMachines/jdk1.7.0_80.jdk/Contents/Home/jre/lib/libawt.dylib
0x0000000112acd000 	/Library/Java/JavaVirtualMachines/jdk1.7.0_80.jdk/Contents/Home/jre/lib/./libmlib_image.dylib
0x0000000112b99000 	/Library/Java/JavaVirtualMachines/jdk1.7.0_80.jdk/Contents/Home/jre/lib/lwawt/liblwawt.dylib
0x0000000110f18000 	/Library/Java/JavaVirtualMachines/jdk1.7.0_80.jdk/Contents/Home/jre/lib/libosxapp.dylib
0x0000000014cc0000 	/System/Library/Frameworks/ExceptionHandling.framework/Versions/A/ExceptionHandling
0x0000000014cc0000 	/System/Library/PrivateFrameworks/CoreServicesInternal.framework/Versions/A/CoreServicesInternal
0x0000000014cc0000 	/System/Library/CoreServices/RawCamera.bundle/Contents/MacOS/RawCamera
0x0000000014cc0000 	/System/Library/PrivateFrameworks/MobileAsset.framework/Versions/A/MobileAsset
0x0000000014cc0000 	/System/Library/PrivateFrameworks/StreamingZip.framework/Versions/A/StreamingZip
0x0000000014cc0000 	/System/Library/Frameworks/MediaToolbox.framework/Versions/A/MediaToolbox
0x0000000014cc0000 	/System/Library/PrivateFrameworks/CoreAVCHD.framework/Versions/A/CoreAVCHD
0x0000000014cc0000 	/System/Library/Frameworks/MediaAccessibility.framework/Versions/A/MediaAccessibility
0x0000000014cc0000 	/System/Library/PrivateFrameworks/Mangrove.framework/Versions/A/Mangrove
0x0000000014cc0000 	/System/Library/Frameworks/CoreMedia.framework/Versions/A/CoreMedia
0x0000000014cc0000 	/System/Library/Frameworks/VideoToolbox.framework/Versions/A/VideoToolbox
0x0000000014cc0000 	/System/Library/PrivateFrameworks/CoreAUC.framework/Versions/A/CoreAUC
0x0000000014cc0000 	/usr/lib/libspindump.dylib
0x0000000014cc0000 	/System/Library/PrivateFrameworks/AppleVA.framework/Versions/A/AppleVA
0x0000000014cc0000 	/System/Library/Frameworks/Accelerate.framework/Versions/A/Frameworks/vImage.framework/Versions/A/Libraries/libCGInterfaces.dylib
0x0000000014cc0000 	/System/Library/Frameworks/ApplicationServices.framework/Versions/A/Frameworks/ATS.framework/Versions/A/Resources/libTrueTypeScaler.dylib
0x0000000014cc0000 	/System/Library/Extensions/AppleIntelKBLGraphicsMTLDriver.bundle/Contents/MacOS/AppleIntelKBLGraphicsMTLDriver
0x0000000014cc0000 	/System/Library/PrivateFrameworks/GPUCompiler.framework/Versions/3902/Libraries/libmetal_timestamp.dylib
0x0000000014cc0000 	/System/Library/PrivateFrameworks/FamilyControls.framework/Versions/A/FamilyControls
0x0000000014cc0000 	/System/Library/PrivateFrameworks/CommerceKit.framework/Versions/A/Frameworks/CommerceCore.framework/Versions/A/CommerceCore
0x0000000014cc0000 	/System/Library/PrivateFrameworks/SystemAdministration.framework/Versions/A/SystemAdministration
0x0000000014cc0000 	/System/Library/PrivateFrameworks/AppContainer.framework/Versions/A/AppContainer
0x0000000014cc0000 	/System/Library/PrivateFrameworks/AppSandbox.framework/Versions/A/AppSandbox
0x0000000014cc0000 	/System/Library/PrivateFrameworks/SecCodeWrapper.framework/Versions/A/SecCodeWrapper
0x0000000014cc0000 	/usr/lib/libsandbox.1.dylib
0x0000000014cc0000 	/usr/lib/libMatch.1.dylib
0x0000000014cc0000 	/System/Library/PrivateFrameworks/DiskManagement.framework/Versions/A/DiskManagement
0x0000000014cc0000 	/System/Library/Frameworks/DirectoryService.framework/Versions/A/DirectoryService
0x0000000014cc0000 	/System/Library/PrivateFrameworks/DiskImages.framework/Versions/A/DiskImages
0x0000000014cc0000 	/System/Library/PrivateFrameworks/LoginUIKit.framework/Versions/A/Frameworks/LoginUICore.framework/Versions/A/LoginUICore
0x0000000014cc0000 	/usr/lib/libCoreStorage.dylib
0x0000000014cc0000 	/usr/lib/libcsfde.dylib
0x0000000014cc0000 	/usr/lib/libodfde.dylib
0x0000000014cc0000 	/System/Library/PrivateFrameworks/MediaKit.framework/Versions/A/MediaKit
0x0000000014cc0000 	/System/Library/Frameworks/DiscRecording.framework/Versions/A/DiscRecording
0x0000000014cc0000 	/System/Library/PrivateFrameworks/EFILogin.framework/Versions/A/EFILogin
0x0000000014cc0000 	/System/Library/PrivateFrameworks/ProtectedCloudStorage.framework/Versions/A/ProtectedCloudStorage
0x0000000014cc0000 	/usr/lib/libcurl.4.dylib
0x0000000014cc0000 	/usr/lib/libcrypto.42.dylib
0x0000000014cc0000 	/usr/lib/libssl.44.dylib
0x0000000014cc0000 	/System/Library/Frameworks/LDAP.framework/Versions/A/LDAP
0x0000000014cc0000 	/System/Library/PrivateFrameworks/TrustEvaluationAgent.framework/Versions/A/TrustEvaluationAgent
0x0000000014cc0000 	/usr/lib/libsasl2.2.dylib
0x0000000014cc0000 	/System/Library/PrivateFrameworks/CoreDaemon.framework/Versions/B/CoreDaemon
0x0000000014cc0000 	/System/Library/PrivateFrameworks/AppleSRP.framework/Versions/A/AppleSRP
0x0000000014cc0000 	/System/Library/PrivateFrameworks/ViewBridge.framework/Versions/A/ViewBridge
0x0000000114f84000 	/Library/Java/JavaVirtualMachines/jdk1.7.0_80.jdk/Contents/Home/jre/lib/libfontmanager.dylib
0x0000000114feb000 	/Library/Java/JavaVirtualMachines/jdk1.7.0_80.jdk/Contents/Home/jre/lib/libosxui.dylib
0x0000000014cc0000 	/System/Library/Frameworks/OpenGL.framework/Versions/A/Resources/GLEngine.bundle/GLEngine
0x0000000014cc0000 	/System/Library/Frameworks/OpenGL.framework/Versions/A/Libraries/libGLProgrammability.dylib
0x0000000014cc0000 	/System/Library/Extensions/AppleIntelKBLGraphicsGLDriver.bundle/Contents/MacOS/AppleIntelKBLGraphicsGLDriver
0x0000000014cc0000 	/System/Library/PrivateFrameworks/GPUSupport.framework/Versions/A/Libraries/libGPUSupportMercury.dylib
0x0000000014cc0000 	/System/Library/Frameworks/OpenGL.framework/Versions/A/Resources/GLRendererFloat.bundle/GLRendererFloat
0x0000000014cc0000 	/System/Library/Frameworks/OpenCL.framework/Versions/A/Libraries/libcldcpuengine.dylib
0x0000000014cc0000 	/usr/lib/libcrypto.35.dylib
0x00000001162c8000 	/Library/Java/JavaVirtualMachines/jdk1.7.0_80.jdk/Contents/Home/jre/lib/libnio.dylib
0x000000011655f000 	/Library/Java/JavaVirtualMachines/jdk1.7.0_80.jdk/Contents/Home/jre/lib/./libnet.dylib
0x000000011659c000 	/Library/Java/JavaVirtualMachines/jdk1.7.0_80.jdk/Contents/Home/jre/lib/libjpeg.dylib
0x000000011636d000 	/usr/lib/libobjc-trampolines.dylib
0x0000000113f4d000 	/Library/Java/JavaVirtualMachines/jdk1.7.0_80.jdk/Contents/Home/jre/lib/libdcpr.dylib
0x0000000014cc0000 	/System/Library/PrivateFrameworks/login.framework/Versions/A/login

VM Arguments:
jvm_args: -Dfile.encoding=UTF-8 
java_command: userinterface.MainJFrame
Launcher Type: SUN_STANDARD

Environment Variables:
PATH=/usr/bin:/bin:/usr/sbin:/sbin
LD_LIBRARY_PATH=/Library/Java/JavaVirtualMachines/jdk1.7.0_80.jdk/Contents/Home/jre/lib/amd64:/Library/Java/JavaVirtualMachines/jdk1.7.0_80.jdk/Contents/Home/jre/lib/i386:
SHELL=/bin/bash

Signal Handlers:
SIGSEGV: [libjvm.dylib+0x52e8c9], sa_mask[0]=0xfffefeff, sa_flags=0x00000043
SIGBUS: [libjvm.dylib+0x52e8c9], sa_mask[0]=0xfffefeff, sa_flags=0x00000042
SIGFPE: [libjvm.dylib+0x42022e], sa_mask[0]=0xfffefeff, sa_flags=0x00000042
SIGPIPE: [libjvm.dylib+0x42022e], sa_mask[0]=0xfffefeff, sa_flags=0x00000042
SIGXFSZ: [libjvm.dylib+0x42022e], sa_mask[0]=0xfffefeff, sa_flags=0x00000042
SIGILL: [libjvm.dylib+0x42022e], sa_mask[0]=0xfffefeff, sa_flags=0x00000042
SIGUSR1: SIG_DFL, sa_mask[0]=0x00000000, sa_flags=0x00000000
SIGUSR2: [libjvm.dylib+0x41fd20], sa_mask[0]=0x00000004, sa_flags=0x00000042
SIGHUP: [libjvm.dylib+0x41dfd5], sa_mask[0]=0xfffefeff, sa_flags=0x00000042
SIGINT: SIG_IGN, sa_mask[0]=0x00000000, sa_flags=0x00000000
SIGTERM: [libjvm.dylib+0x41dfd5], sa_mask[0]=0xfffefeff, sa_flags=0x00000042
SIGQUIT: [libjvm.dylib+0x41dfd5], sa_mask[0]=0xfffefeff, sa_flags=0x00000042


---------------  S Y S T E M  ---------------

OS:Bsduname:Darwin 18.0.0 Darwin Kernel Version 18.0.0: Wed Aug 22 20:13:40 PDT 2018; root:xnu-4903.201.2~1/RELEASE_X86_64 x86_64
rlimit: STACK 8192k, CORE 0k, NPROC 709, NOFILE 10240, AS infinity
load average:13.77 6.55 3.93

CPU:total 4 (2 cores per cpu, 2 threads per core) family 6 model 142 stepping 9, cmov, cx8, fxsr, mmx, sse, sse2, sse3, ssse3, sse4.1, sse4.2, popcnt, avx, avx2, aes, erms, ht, tsc, tscinvbit

Memory: 4k page, physical 8388608k(2097152k free)

/proc/meminfo:


vm_info: Java HotSpot(TM) 64-Bit Server VM (24.80-b11) for bsd-amd64 JRE (1.7.0_80-b15), built on Apr 10 2015 11:25:43 by "java_re" with gcc 4.2.1 (Based on Apple Inc. build 5658) (LLVM build 2336.11.00)

time: Tue Dec 11 09:44:33 2018
elapsed time: 3984 seconds

